#
# There is insufficient memory for the Java Runtime Environment to continue.
# Native memory allocation (mmap) failed to map 536870912 bytes for G1 virtual space
# Possible reasons:
#   The system is out of physical RAM or swap space
#   The process is running with CompressedOops enabled, and the Java Heap may be blocking the growth of the native heap
# Possible solutions:
#   Reduce memory load on the system
#   Increase physical memory or swap space
#   Check if swap backing store is full
#   Decrease Java heap size (-Xmx/-Xms)
#   Decrease number of Java threads
#   Decrease Java thread stack sizes (-Xss)
#   Set larger code cache with -XX:ReservedCodeCacheSize=
#   JVM is running with Zero Based Compressed Oops mode in which the Java heap is
#     placed in the first 32GB address space. The Java Heap base address is the
#     maximum limit for the native heap growth. Please use -XX:HeapBaseMinAddress
#     to set the Java Heap base and to place the Java Heap above 32GB virtual address.
# This output file may be truncated or incomplete.
#
#  Out of Memory Error (os_windows.cpp:3603), pid=11876, tid=1844
#
# JRE version:  (21.0.8+12) (build )
# Java VM: Java HotSpot(TM) 64-Bit Server VM (21.0.8+12-LTS-250, mixed mode, emulated-client, sharing, tiered, compressed oops, compressed class ptrs, g1 gc, windows-amd64)
# No core dump will be written. Minidumps are not enabled by default on client versions of Windows
#

---------------  S U M M A R Y ------------

Command Line: -XX:TieredStopAtLevel=1 -Dspring.output.ansi.enabled=always -Dcom.sun.management.jmxremote -Dspring.jmx.enabled=true -Dspring.liveBeansView.mbeanDomain -Dspring.application.admin.enabled=true -Dmanagement.endpoints.jmx.exposure.include=* -javaagent:C:\Users\Jack\Apps\IntelliJ IDEA\lib\idea_rt.jar=1165:C:\Users\Jack\Apps\IntelliJ IDEA\bin -Dfile.encoding=UTF-8 -Dsun.stdout.encoding=UTF-8 -Dsun.stderr.encoding=UTF-8 com.ooo.its.ItsApplication

Host: 13th Gen Intel(R) Core(TM) i5-13400F, 16 cores, 31G,  Windows 11 , 64 bit Build 22621 (10.0.22621.5415)
Time: Mon Jan 12 10:14:50 2026 China Standard Time elapsed time: 0.047817 seconds (0d 0h 0m 0s)

---------------  T H R E A D  ---------------

Current thread (0x0000026768430960):  JavaThread "Unknown thread" [_thread_in_vm, id=1844, stack(0x0000008430b00000,0x0000008430c00000) (1024K)]

Stack: [0x0000008430b00000,0x0000008430c00000]
Native frames: (J=compiled Java code, j=interpreted, Vv=VM code, C=native code)
V  [jvm.dll+0x6cc179]
V  [jvm.dll+0x8584c1]
V  [jvm.dll+0x85a9ee]
V  [jvm.dll+0x85b0c3]
V  [jvm.dll+0x27ebf6]
V  [jvm.dll+0x6c88f5]
V  [jvm.dll+0x6bd45a]
V  [jvm.dll+0x354b1a]
V  [jvm.dll+0x35c796]
V  [jvm.dll+0x3af85e]
V  [jvm.dll+0x3afb08]
V  [jvm.dll+0x328e2c]
V  [jvm.dll+0x32998b]
V  [jvm.dll+0x821879]
V  [jvm.dll+0x3bc541]
V  [jvm.dll+0x80aaf8]
V  [jvm.dll+0x45172e]
V  [jvm.dll+0x453321]
C  [jli.dll+0x52a3]
C  [ucrtbase.dll+0x29333]
C  [KERNEL32.DLL+0x1259d]
C  [ntdll.dll+0x5af78]


---------------  P R O C E S S  ---------------

Threads class SMR info:
_java_thread_list=0x00007ff9cb30fc48, length=0, elements={
}

Java Threads: ( => current thread )
Total: 0

Other Threads:
  0x00000267782b0a80 WorkerThread "GC Thread#0"                     [id=15244, stack(0x0000008430c00000,0x0000008430d00000) (1024K)]
  0x000002676a743b40 ConcurrentGCThread "G1 Main Marker"            [id=7192, stack(0x0000008430d00000,0x0000008430e00000) (1024K)]
  0x000002676a744de0 WorkerThread "G1 Conc#0"                       [id=10996, stack(0x0000008430e00000,0x0000008430f00000) (1024K)]

[error occurred during error reporting (printing all threads), id 0xc0000005, EXCEPTION_ACCESS_VIOLATION (0xc0000005) at pc=0x00007ff9caa7b5b7]
VM state: not at safepoint (not fully initialized)

VM Mutex/Monitor currently owned by a thread:  ([mutex/lock_event])
[0x00007ff9cb380f50] Heap_lock - owner thread: 0x0000026768430960

Heap address: 0x0000000603400000, size: 8140 MB, Compressed Oops mode: Zero based, Oop shift amount: 3

CDS archive(s) mapped at: [0x0000000000000000-0x0000000000000000-0x0000000000000000), size 0, SharedBaseAddress: 0x0000000800000000, ArchiveRelocationMode: 1.
Narrow klass base: 0x0000000000000000, Narrow klass shift: 0, Narrow klass range: 0x0

GC Precious Log:
 CardTable entry size: 512
 Card Set container configuration: InlinePtr #cards 4 size 8 Array Of Cards #cards 32 size 80 Howl #buckets 8 coarsen threshold 7372 Howl Bitmap #cards 1024 size 144 coarsen threshold 921 Card regions per heap region 1 cards per card region 8192

Heap:
 garbage-first heap   total 0K, used 0K [0x0000000603400000, 0x0000000800000000)
  region size 4096K, 0 young (0K), 0 survivors (0K)

[error occurred during error reporting (printing heap information), id 0xc0000005, EXCEPTION_ACCESS_VIOLATION (0xc0000005) at pc=0x00007ff9cae651e9]
GC Heap History (0 events):
No events

Dll operation events (1 events):
Event: 0.007 Loaded shared library C:\Users\Jack\Apps\JDK-21.0.8\bin\java.dll

Deoptimization events (0 events):
No events

Classes loaded (0 events):
No events

Classes unloaded (0 events):
No events

Classes redefined (0 events):
No events

Internal exceptions (0 events):
No events

ZGC Phase Switch (0 events):
No events

VM Operations (0 events):
No events

Events (0 events):
No events


Dynamic libraries:
0x00007ff6578b0000 - 0x00007ff6578c0000 	C:\Users\Jack\Apps\JDK-21.0.8\bin\java.exe
0x00007ffa51c50000 - 0x00007ffa51e68000 	C:\Windows\SYSTEM32\ntdll.dll
0x00007ffa50d40000 - 0x00007ffa50e04000 	C:\Windows\System32\KERNEL32.DLL
0x00007ffa4f010000 - 0x00007ffa4f3e3000 	C:\Windows\System32\KERNELBASE.dll
0x00007ffa4eec0000 - 0x00007ffa4efd1000 	C:\Windows\System32\ucrtbase.dll
0x00007ffa3f9f0000 - 0x00007ffa3fa09000 	C:\Users\Jack\Apps\JDK-21.0.8\bin\jli.dll
0x00007ffa40300000 - 0x00007ffa4031b000 	C:\Users\Jack\Apps\JDK-21.0.8\bin\VCRUNTIME140.dll
0x00007ffa4f8f0000 - 0x00007ffa4f9a1000 	C:\Windows\System32\ADVAPI32.dll
0x00007ffa4fbf0000 - 0x00007ffa4fc97000 	C:\Windows\System32\msvcrt.dll
0x00007ffa50e10000 - 0x00007ffa50eb8000 	C:\Windows\System32\sechost.dll
0x00007ffa4f650000 - 0x00007ffa4f678000 	C:\Windows\System32\bcrypt.dll
0x00007ffa50540000 - 0x00007ffa50658000 	C:\Windows\System32\RPCRT4.dll
0x00007ffa4fa30000 - 0x00007ffa4fbe2000 	C:\Windows\System32\USER32.dll
0x00007ffa4efe0000 - 0x00007ffa4f006000 	C:\Windows\System32\win32u.dll
0x00007ffa3b6b0000 - 0x00007ffa3b94c000 	C:\Windows\WinSxS\amd64_microsoft.windows.common-controls_6595b64144ccf1df_6.0.22621.6060_none_2712eda17382d24b\COMCTL32.dll
0x00007ffa50660000 - 0x00007ffa50689000 	C:\Windows\System32\GDI32.dll
0x00007ffa4f7c0000 - 0x00007ffa4f8e3000 	C:\Windows\System32\gdi32full.dll
0x00007ffa4f3f0000 - 0x00007ffa4f48a000 	C:\Windows\System32\msvcp_win.dll
0x00007ffa473a0000 - 0x00007ffa473aa000 	C:\Windows\SYSTEM32\VERSION.dll
0x00007ffa515b0000 - 0x00007ffa515e1000 	C:\Windows\System32\IMM32.DLL
0x00007ffa49580000 - 0x00007ffa4958c000 	C:\Users\Jack\Apps\JDK-21.0.8\bin\vcruntime140_1.dll
0x00007ffa3b290000 - 0x00007ffa3b31e000 	C:\Users\Jack\Apps\JDK-21.0.8\bin\msvcp140.dll
0x00007ff9ca740000 - 0x00007ff9cb45d000 	C:\Users\Jack\Apps\JDK-21.0.8\bin\server\jvm.dll
0x00007ffa51970000 - 0x00007ffa519e1000 	C:\Windows\System32\WS2_32.dll
0x00007ffa4eb70000 - 0x00007ffa4ebbd000 	C:\Windows\SYSTEM32\POWRPROF.dll
0x00007ffa46730000 - 0x00007ffa46764000 	C:\Windows\SYSTEM32\WINMM.dll
0x00007ffa4ea50000 - 0x00007ffa4ea63000 	C:\Windows\SYSTEM32\UMPDC.dll
0x00007ffa4dc40000 - 0x00007ffa4dc58000 	C:\Windows\SYSTEM32\kernel.appcore.dll
0x00007ffa494e0000 - 0x00007ffa494ea000 	C:\Users\Jack\Apps\JDK-21.0.8\bin\jimage.dll
0x00007ffa44c80000 - 0x00007ffa44eb3000 	C:\Windows\SYSTEM32\DBGHELP.DLL
0x00007ffa50ec0000 - 0x00007ffa51252000 	C:\Windows\System32\combase.dll
0x00007ffa51820000 - 0x00007ffa518f8000 	C:\Windows\System32\OLEAUT32.dll
0x00007ffa34050000 - 0x00007ffa34082000 	C:\Windows\SYSTEM32\dbgcore.DLL
0x00007ffa4f5d0000 - 0x00007ffa4f64b000 	C:\Windows\System32\bcryptPrimitives.dll
0x00007ffa49ff0000 - 0x00007ffa49fff000 	C:\Users\Jack\Apps\JDK-21.0.8\bin\instrument.dll
0x00007ffa3bd50000 - 0x00007ffa3bd6f000 	C:\Users\Jack\Apps\JDK-21.0.8\bin\java.dll

dbghelp: loaded successfully - version: 4.0.5 - missing functions: none
symbol engine: initialized successfully - sym options: 0x614 - pdb path: .;C:\Users\Jack\Apps\JDK-21.0.8\bin;C:\Windows\SYSTEM32;C:\Windows\WinSxS\amd64_microsoft.windows.common-controls_6595b64144ccf1df_6.0.22621.6060_none_2712eda17382d24b;C:\Users\Jack\Apps\JDK-21.0.8\bin\server

VM Arguments:
jvm_args: -XX:TieredStopAtLevel=1 -Dspring.output.ansi.enabled=always -Dcom.sun.management.jmxremote -Dspring.jmx.enabled=true -Dspring.liveBeansView.mbeanDomain -Dspring.application.admin.enabled=true -Dmanagement.endpoints.jmx.exposure.include=* -javaagent:C:\Users\Jack\Apps\IntelliJ IDEA\lib\idea_rt.jar=1165:C:\Users\Jack\Apps\IntelliJ IDEA\bin -Dfile.encoding=UTF-8 -Dsun.stdout.encoding=UTF-8 -Dsun.stderr.encoding=UTF-8 
java_command: com.ooo.its.ItsApplication
java_class_path (initial): D:\Desktop\JAVA\ImageToShow\target\classes;C:\Users\Jack\Apps\apache-maven-3.9.11\repository\org\springframework\boot\spring-boot-starter\3.5.7\spring-boot-starter-3.5.7.jar;C:\Users\Jack\Apps\apache-maven-3.9.11\repository\org\springframework\boot\spring-boot\3.5.7\spring-boot-3.5.7.jar;C:\Users\Jack\Apps\apache-maven-3.9.11\repository\org\springframework\spring-context\6.2.12\spring-context-6.2.12.jar;C:\Users\Jack\Apps\apache-maven-3.9.11\repository\org\springframework\boot\spring-boot-autoconfigure\3.5.7\spring-boot-autoconfigure-3.5.7.jar;C:\Users\Jack\Apps\apache-maven-3.9.11\repository\org\springframework\boot\spring-boot-starter-logging\3.5.7\spring-boot-starter-logging-3.5.7.jar;C:\Users\Jack\Apps\apache-maven-3.9.11\repository\ch\qos\logback\logback-classic\1.5.20\logback-classic-1.5.20.jar;C:\Users\Jack\Apps\apache-maven-3.9.11\repository\ch\qos\logback\logback-core\1.5.20\logback-core-1.5.20.jar;C:\Users\Jack\Apps\apache-maven-3.9.11\repository\org\apache\logging\log4j\log4j-to-slf4j\2.24.3\log4j-to-slf4j-2.24.3.jar;C:\Users\Jack\Apps\apache-maven-3.9.11\repository\org\apache\logging\log4j\log4j-api\2.24.3\log4j-api-2.24.3.jar;C:\Users\Jack\Apps\apache-maven-3.9.11\repository\org\slf4j\jul-to-slf4j\2.0.17\jul-to-slf4j-2.0.17.jar;C:\Users\Jack\Apps\apache-maven-3.9.11\repository\jakarta\annotation\jakarta.annotation-api\2.1.1\jakarta.annotation-api-2.1.1.jar;C:\Users\Jack\Apps\apache-maven-3.9.11\repository\org\springframework\spring-core\6.2.12\spring-core-6.2.12.jar;C:\Users\Jack\Apps\apache-maven-3.9.11\repository\org\springframework\spring-jcl\6.2.12\spring-jcl-6.2.12.jar;C:\Users\Jack\Apps\apache-maven-3.9.11\repository\org\yaml\snakeyaml\2.4\snakeyaml-2.4.jar;C:\Users\Jack\Apps\apache-maven-3.9.11\repository\org\springframework\boot\spring-boot-devtools\3.5.7\spring-boot-devtools-3.5.7.jar;C:\Users\Jack\Apps\apache-maven-3.9.11\repository\org\slf4j\slf4j-api\2.0.17\slf4j-api-2.0.17.jar;C:\Users\Jack\Apps\apache-maven-3.9.11\repository\jakarta\xml\bind\jakarta.xml.bind-api\4.0.4\jakarta.xml.bind-api-4.0.4.jar;C:\Users\Jack\Apps\apache-maven-3.9.11\repository\jakarta\activation\jakarta.activation-api\2.1.4\jakarta.activation-api-2.1.4.jar;C:\Users\Jack\Apps\apache-maven-3.9.11\repository\net\bytebuddy\byte-buddy\1.17.8\byte-buddy-1.17.8.jar;C:\Users\Jack\Apps\apache-maven-3.9.11\repository\org\springframework\boot\spring-boot-starter-web\3.5.7\spring-boot-starter-web-3.5.7.jar;C:\Users\Jack\Apps\apache-maven-3.9.11\repository\org\springframework\boot\spring-boot-starter-json\3.5.7\spring-boot-starter-json-3.5.7.jar;C:\Users\Jack\Apps\apache-maven-3.9.11\repository\com\fasterxml\jackson\core\jackson-databind\2.19.2\jackson-databind-2.19.2.jar;C:\Users\Jack\Apps\apache-maven-3.9.11\repository\com\fasterxml\jackson\core\jackson-annotations\2.19.2\jackson-annotations-2.19.2.jar;C:\Users\Jack\Apps\apache-maven-3.9.11\repository\com\fasterxml\jackson\core\jackson-core\2.19.2\jackson-core-2.19.2.jar;C:\Users\Jack\Apps\apache-maven-3.9.11\repository\com\fasterxml\jackson\datatype\jackson-datatype-jdk8\2.19.2\jackson-datatype-jdk8-2.19.2.jar;C:\Users\Jack\Apps\apache-maven-3.9.11\repository\com\fasterxml\jackson\datatype\jackson-datatype-jsr310\2.19.2\jackson-datatype-jsr310-2.19.2.jar;C:\Users\Jack\Apps\apache-maven-3.9.11\repository\com\fasterxml\jackson\module\jackson-module-parameter-names\2.19.2\jackson-module-parameter-names-2.19.2.jar;C:\Users\Jack\Apps\apache-maven-3.9.11\repository\org\springframework\boot\spring-boot-starter-tomcat\3.5.7\spring-boot-starter-tomcat-3.5.7.jar;C:\Users\Jack\Apps\apache-maven-3.9.11\repository\org\apache\tomcat\embed\tomcat-embed-core\10.1.48\tomcat-embed-core-10.1.48.jar;C:\Users\Jack\Apps\apache-maven-3.9.11\repository\org\apache\tomcat\embed\tomcat-embed-el\10.1.48\tomcat-embed-el-10.1.48.jar;C:\Users\Jack\Apps\apache-maven-3.9.11\repository\org\apache\tomcat\embed\tomcat-embed-websocket\10.1.48\tomcat-embed-websocket-10.1.48.jar;C:\Users\Jack\Apps\apache-maven-3.9.11\repository\org\springframework\spring-web\6.2.12\spring-web-6.2.12.jar;C:\Users\Jack\Apps\apache-maven-3.9.11\repository\org\springframework\spring-beans\6.2.12\spring-beans-6.2.12.jar;C:\Users\Jack\Apps\apache-maven-3.9.11\repository\io\micrometer\micrometer-observation\1.15.5\micrometer-observation-1.15.5.jar;C:\Users\Jack\Apps\apache-maven-3.9.11\repository\io\micrometer\micrometer-commons\1.15.5\micrometer-commons-1.15.5.jar;C:\Users\Jack\Apps\apache-maven-3.9.11\repository\org\springframework\spring-webmvc\6.2.12\spring-webmvc-6.2.12.jar;C:\Users\Jack\Apps\apache-maven-3.9.11\repository\org\springframework\spring-aop\6.2.12\spring-aop-6.2.12.jar;C:\Users\Jack\Apps\apache-maven-3.9.11\repository\org\springframework\spring-expression\6.2.12\spring-expression-6.2.12.jar;C:\Users\Jack\Apps\apache-maven-3.9.11\repository\org\springframework\boot\spring-boot-starter-thymeleaf\3.5.7\spring-boot-starter-thymeleaf-3.5.7.jar;C:\Users\Jack\Apps\apache-maven-3.9.11\repository\org\thymeleaf\thymeleaf-spring6\3.1.3.RELEASE\thymeleaf-spring6-3.1.3.RELEASE.jar;C:\Users\Jack\Apps\apache-maven-3.9.11\repository\org\thymeleaf\thymeleaf\3.1.3.RELEASE\thymeleaf-3.1.3.RELEASE.jar;C:\Users\Jack\Apps\apache-maven-3.9.11\repository\org\attoparser\attoparser\2.0.7.RELEASE\attoparser-2.0.7.RELEASE.jar;C:\Users\Jack\Apps\apache-maven-3.9.11\repository\org\unbescape\unbescape\1.1.6.RELEASE\unbescape-1.1.6.RELEASE.jar;C:\Users\Jack\Apps\apache-maven-3.9.11\repository\mysql\mysql-connector-java\8.0.26\mysql-connector-java-8.0.26.jar;C:\Users\Jack\Apps\apache-maven-3.9.11\repository\com\google\protobuf\protobuf-java\3.11.4\protobuf-java-3.11.4.jar;C:\Users\Jack\Apps\apache-maven-3.9.11\repository\com\github\ua-parser\uap-java\1.5.4\uap-java-1.5.4.jar;C:\Users\Jack\Apps\apache-maven-3.9.11\repository\org\apache\commons\commons-collections4\4.4\commons-collections4-4.4.jar;C:\Users\Jack\Apps\apache-maven-3.9.11\repository\org\springframework\boot\spring-boot-starter-data-jpa\3.5.7\spring-boot-starter-data-jpa-3.5.7.jar;C:\Users\Jack\Apps\apache-maven-3.9.11\repository\org\hibernate\orm\hibernate-core\6.6.33.Final\hibernate-core-6.6.33.Final.jar;C:\Users\Jack\Apps\apache-maven-3.9.11\repository\jakarta\persistence\jakarta.persistence-api\3.1.0\jakarta.persistence-api-3.1.0.jar;C:\Users\Jack\Apps\apache-maven-3.9.11\repository\jakarta\transaction\jakarta.transaction-api\2.0.1\jakarta.transaction-api-2.0.1.jar;C:\Users\Jack\Apps\apache-maven-3.9.11\repository\org\jboss\logging\jboss-logging\3.6.1.Final\jboss-logging-3.6.1.Final.jar;C:\Users\Jack\Apps\apache-maven-3.9.11\repository\org\hibernate\common\hibernate-commons-annotations\7.0.3.Final\hibernate-commons-annotations-7.0.3.Final.jar;C:\Users\Jack\Apps\apache-maven-3.9.11\repository\io\smallrye\jandex\3.2.0\jandex-3.2.0.jar;C:\Users\Jack\Apps\apache-maven-3.9.11\repository\com\fasterxml\classmate\1.7.1\classmate-1.7.1.jar;C:\Users\Jack\Apps\apache-maven-3.9.11\repository\org\glassfish\jaxb\jaxb-runtime\4.0.6\jaxb-runtime-4.0.6.jar;C:\Users\Jack\Apps\apache-maven-3.9.11\repository\org\glassfish\jaxb\jaxb-core\4.0.6\jaxb-core-4.0.6.jar;C:\Users\Jack\Apps\apache-maven-3.9.11\repository\org\eclipse\angus\angus-activation\2.0.3\angus-activation-2.0.3.jar;C:\Users\Jack\Apps\apache-maven-3.9.11\repository\org\glassfish\jaxb\txw2\4.0.6\txw2-4.0.6.jar;C:\Users\Jack\Apps\apache-maven-3.9.11\repository\com\sun\istack\istack-commons-runtime\4.1.2\istack-commons-runtime-4.1.2.jar;C:\Users\Jack\Apps\apache-maven-3.9.11\repository\jakarta\inject\jakarta.inject-api\2.0.1\jakarta.inject-api-2.0.1.jar;C:\Users\Jack\Apps\apache-maven-3.9.11\repository\org\antlr\antlr4-runtime\4.13.0\antlr4-runtime-4.13.0.jar;C:\Users\Jack\Apps\apache-maven-3.9.11\repository\org\springframework\data\spring-data-jpa\3.5.5\spring-data-jpa-3.5.5.jar;C:\Users\Jack\Apps\apache-maven-3.9.11\repository\org\springframework\data\spring-data-commons\3.5.5\spring-data-commons-3.5.5.jar;C:\Users\Jack\Apps\apache-maven-3.9.11\repository\org\springframework\spring-orm\6.2.12\spring-orm-6.2.12.jar;C:\Users\Jack\Apps\apache-maven-3.9.11\repository\org\springframework\spring-tx\6.2.12\spring-tx-6.2.12.jar;C:\Users\Jack\Apps\apache-maven-3.9.11\repository\org\springframework\spring-aspects\6.2.12\spring-aspects-6.2.12.jar;C:\Users\Jack\Apps\apache-maven-3.9.11\repository\org\aspectj\aspectjweaver\1.9.24\aspectjweaver-1.9.24.jar;C:\Users\Jack\Apps\apache-maven-3.9.11\repository\org\springframework\boot\spring-boot-starter-jdbc\3.5.7\spring-boot-starter-jdbc-3.5.7.jar;C:\Users\Jack\Apps\apache-maven-3.9.11\repository\com\zaxxer\HikariCP\6.3.3\HikariCP-6.3.3.jar;C:\Users\Jack\Apps\apache-maven-3.9.11\repository\org\springframework\spring-jdbc\6.2.12\spring-jdbc-6.2.12.jar
Launcher Type: SUN_STANDARD

[Global flags]
     intx CICompilerCount                          = 12                                        {product} {ergonomic}
     uint ConcGCThreads                            = 3                                         {product} {ergonomic}
     uint G1ConcRefinementThreads                  = 13                                        {product} {ergonomic}
   size_t G1HeapRegionSize                         = 4194304                                   {product} {ergonomic}
    uintx GCDrainStackTargetSize                   = 64                                        {product} {ergonomic}
   size_t InitialHeapSize                          = 536870912                                 {product} {ergonomic}
     bool ManagementServer                         = true                                      {product} {command line}
   size_t MarkStackSize                            = 4194304                                   {product} {ergonomic}
   size_t MaxHeapSize                              = 8535408640                                {product} {ergonomic}
   size_t MinHeapDeltaBytes                        = 4194304                                   {product} {ergonomic}
   size_t MinHeapSize                              = 8388608                                   {product} {ergonomic}
    uintx NonNMethodCodeHeapSize                   = 4096                                   {pd product} {ergonomic}
    uintx NonProfiledCodeHeapSize                  = 0                                      {pd product} {ergonomic}
     bool ProfileInterpreter                       = false                                  {pd product} {command line}
    uintx ProfiledCodeHeapSize                     = 0                                      {pd product} {ergonomic}
   size_t SoftMaxHeapSize                          = 8535408640                             {manageable} {ergonomic}
     intx TieredStopAtLevel                        = 1                                         {product} {command line}
     bool UseCompressedOops                        = true                           {product lp64_product} {ergonomic}
     bool UseG1GC                                  = true                                      {product} {ergonomic}
     bool UseLargePagesIndividualAllocation        = false                                  {pd product} {ergonomic}

Logging:
Log output configuration:
 #0: stdout all=warning uptime,level,tags foldmultilines=false
 #1: stderr all=off uptime,level,tags foldmultilines=false

Environment Variables:
JAVA_HOME=C:\Users\Jack\Apps\JDK-21.0.8
PATH=C:\Windows\system32;C:\Windows;C:\Windows\System32\Wbem;C:\Windows\System32\WindowsPowerShell\v1.0\;C:\Windows\System32\OpenSSH\;C:\Users\Jack\Apps\python;C:\Users\Jack\Apps\python\Scripts;C:\Users\Jack\Apps\JDK-21.0.8\bin;C:\Users\Jack\Apps\apache-maven-3.9.11\bin;C:\Users\Jack\AppData\Local\Microsoft\WindowsApps;;C:\Users\Jack\Apps\Microsoft VS Code\bin
USERNAME=Jack
OS=Windows_NT
PROCESSOR_IDENTIFIER=Intel64 Family 6 Model 191 Stepping 2, GenuineIntel
TMP=C:\Users\Jack\AppData\Local\Temp
TEMP=C:\Users\Jack\AppData\Local\Temp




Periodic native trim disabled

---------------  S Y S T E M  ---------------

OS:
 Windows 11 , 64 bit Build 22621 (10.0.22621.5415)
OS uptime: 1 days 1:29 hours
Hyper-V role detected

CPU: total 16 (initial active 16) (8 cores per cpu, 2 threads per core) family 6 model 191 stepping 2 microcode 0x3a, cx8, cmov, fxsr, ht, mmx, 3dnowpref, sse, sse2, sse3, ssse3, sse4.1, sse4.2, popcnt, lzcnt, tsc, tscinvbit, avx, avx2, aes, erms, clmul, bmi1, bmi2, adx, sha, fma, vzeroupper, clflush, clflushopt, clwb, hv, serialize, rdtscp, rdpid, fsrm, f16c, cet_ibt, cet_ss
Processor Information for all 16 processors :
  Max Mhz: 2500, Current Mhz: 2500, Mhz Limit: 2500

Memory: 4k page, system-wide physical 32557M (16018M free)
TotalPageFile size 32557M (AvailPageFile size 452M)
current process WorkingSet (physical memory assigned to process): 13M, peak: 13M
current process commit charge ("private bytes"): 66M, peak: 578M

vm_info: Java HotSpot(TM) 64-Bit Server VM (21.0.8+12-LTS-250) for windows-amd64 JRE (21.0.8+12-LTS-250), built on 2025-06-27T08:11:22Z by "mach5one" with MS VC++ 17.6 (VS2022)

END.
